app/build/outputs/logs/manifest-merger-debug-report.txt
-- Merging decision tree log ---
manifest
ADDED from src\main\AndroidManifest.xml:1:1-585:12
	package
		ADDED from src\main\AndroidManifest.xml:2:5-39
		INJECTED from src\main\AndroidManifest.xml
		INJECTED from src\main\AndroidManifest.xml
	android:versionName
		ADDED from src\main\AndroidManifest.xml:4:5-32
		INJECTED from src\main\AndroidManifest.xml
		INJECTED from src\main\AndroidManifest.xml
	android:versionCode
		ADDED from src\main\AndroidManifest.xml:3:5-30
		INJECTED from src\main\AndroidManifest.xml
		INJECTED from src\main\AndroidManifest.xml
	xmlns:android
		ADDED from src\main\AndroidManifest.xml:1:11-69
supports-screens
ADDED from src\main\AndroidManifest.xml:6:5-11:39
	android:largeScreens
		ADDED from src\main\AndroidManifest.xml:8:9-36
	android:smallScreens
		ADDED from src\main\AndroidManifest.xml:11:9-36
	android:normalScreens
		ADDED from src\main\AndroidManifest.xml:9:9-37
	android:resizeable
		ADDED from src\main\AndroidManifest.xml:10:9-34
	android:anyDensity
		ADDED from src\main\AndroidManifest.xml:7:9-34
uses-sdk
ADDED from src\main\AndroidManifest.xml:13:5-43
	android:targetSdkVersion
		INJECTED from src\main\AndroidManifest.xml
		INJECTED from src\main\AndroidManifest.xml
	android:minSdkVersion
		ADDED from src\main\AndroidManifest.xml:13:15-40
		INJECTED from src\main\AndroidManifest.xml
		INJECTED from src\main\AndroidManifest.xml
uses-permission#android.permission.INTERNET
ADDED from src\main\AndroidManifest.xml:16:5-67
	android:name
		ADDED from src\main\AndroidManifest.xml:16:22-64
uses-permission#android.permission.WRITE_EXTERNAL_STORAGE
ADDED from src\main\AndroidManifest.xml:18:5-81
	android:name
		ADDED from src\main\AndroidManifest.xml:18:22-78
uses-permission#android.permission.ACCESS_NETWORK_STATE
ADDED from src\main\AndroidManifest.xml:20:5-78
	android:name
		ADDED from src\main\AndroidManifest.xml:20:22-76
uses-permission#android.permission.GET_TASKS
ADDED from src\main\AndroidManifest.xml:21:5-68
	android:name
		ADDED from src\main\AndroidManifest.xml:21:22-65
uses-permission#android.permission.RECORD_AUDIO
ADDED from src\main\AndroidManifest.xml:27:5-71
	android:name
		ADDED from src\main\AndroidManifest.xml:27:22-68
uses-permission#android.permission.MODIFY_AUDIO_SETTINGS
ADDED from src\main\AndroidManifest.xml:29:5-80
	android:name
		ADDED from src\main\AndroidManifest.xml:29:22-77
uses-permission#android.permission.CAMERA
ADDED from src\main\AndroidManifest.xml:35:5-65
	android:name
		ADDED from src\main\AndroidManifest.xml:35:22-62
uses-feature#android.hardware.camera
ADDED from src\main\AndroidManifest.xml:37:5-60
	android:name
		ADDED from src\main\AndroidManifest.xml:37:19-57
uses-permission#android.permission.GET_ACCOUNTS
ADDED from src\main\AndroidManifest.xml:43:5-71
	android:name
		ADDED from src\main\AndroidManifest.xml:43:22-68
uses-permission#android.permission.WRITE_CONTACTS
ADDED from src\main\AndroidManifest.xml:44:5-73
	android:name
		ADDED from src\main\AndroidManifest.xml:44:22-70
uses-permission#android.permission.READ_CONTACTS
ADDED from src\main\AndroidManifest.xml:45:5-72
	android:name
		ADDED from src\main\AndroidManifest.xml:45:22-69
uses-permission#android.permission.WAKE_LOCK
ADDED from src\main\AndroidManifest.xml:51:5-68
	android:name
		ADDED from src\main\AndroidManifest.xml:51:22-65
uses-permission#android.permission.VIBRATE
ADDED from src\main\AndroidManifest.xml:53:5-66
	android:name
		ADDED from src\main\AndroidManifest.xml:53:22-63
uses-permission#android.permission.CALL_PHONE
ADDED from src\main\AndroidManifest.xml:55:5-69
	android:name
		ADDED from src\main\AndroidManifest.xml:55:22-66
uses-permission#android.permission.ACCESS_WIFI_STATE
ADDED from src\main\AndroidManifest.xml:57:5-76
	android:name
		ADDED from src\main\AndroidManifest.xml:57:22-73
uses-permission#android.permission.READ_PHONE_STATE
ADDED from src\main\AndroidManifest.xml:60:5-75
	android:name
		ADDED from src\main\AndroidManifest.xml:60:22-72
uses-permission#android.permission.SEND_SMS
ADDED from src\main\AndroidManifest.xml:69:5-67
	android:name
		ADDED from src\main\AndroidManifest.xml:69:22-64
uses-permission#android.permission.WRITE_SMS
ADDED from src\main\AndroidManifest.xml:70:5-68
	android:name
		ADDED from src\main\AndroidManifest.xml:70:22-65
uses-permission#android.permission.READ_SMS
ADDED from src\main\AndroidManifest.xml:71:5-67
	android:name
		ADDED from src\main\AndroidManifest.xml:71:22-64
uses-permission#com.android.launcher.permission.INSTALL_SHORTCUT
ADDED from src\main\AndroidManifest.xml:79:5-88
	android:name
		ADDED from src\main\AndroidManifest.xml:79:22-85
uses-permission#com.android.launcher.permission.UNINSTALL_SHORTCUT
ADDED from src\main\AndroidManifest.xml:80:5-90
	android:name
		ADDED from src\main\AndroidManifest.xml:80:22-87
uses-feature#android.hardware.camera.autofocus
ADDED from src\main\AndroidManifest.xml:89:5-70
	android:name
		ADDED from src\main\AndroidManifest.xml:89:19-67
uses-permission#android.permission.FLASHLIGHT
ADDED from src\main\AndroidManifest.xml:92:5-69
	android:name
		ADDED from src\main\AndroidManifest.xml:92:22-66
uses-permission#android.permission.ACCESS_COARSE_LOCATION
ADDED from src\main\AndroidManifest.xml:100:5-81
	android:name
		ADDED from src\main\AndroidManifest.xml:100:22-78
uses-permission#android.permission.ACCESS_FINE_LOCATION
ADDED from src\main\AndroidManifest.xml:101:5-79
	android:name
		ADDED from src\main\AndroidManifest.xml:101:22-76
uses-permission#android.permission.WRITE_SETTINGS
ADDED from src\main\AndroidManifest.xml:102:5-73
	android:name
		ADDED from src\main\AndroidManifest.xml:102:22-70
uses-permission#android.permission.CHANGE_WIFI_STATE
ADDED from src\main\AndroidManifest.xml:104:5-76
	android:name
		ADDED from src\main\AndroidManifest.xml:104:22-73
uses-permission#android.permission.MOUNT_UNMOUNT_FILESYSTEMS
ADDED from src\main\AndroidManifest.xml:106:5-84
	android:name
		ADDED from src\main\AndroidManifest.xml:106:22-81
uses-permission#android.permission.READ_LOGS
ADDED from src\main\AndroidManifest.xml:107:5-68
	android:name
		ADDED from src\main\AndroidManifest.xml:107:22-65
uses-permission#android.permission.RECEIVE_BOOT_COMPLETED
ADDED from src\main\AndroidManifest.xml:166:5-81
	android:name
		ADDED from src\main\AndroidManifest.xml:166:22-78
uses-permission#getui.permission.GetuiService.io.dcloud.HBuilder.Hello
ADDED from src\main\AndroidManifest.xml:171:5-94
	android:name
		ADDED from src\main\AndroidManifest.xml:171:22-91
permission#getui.permission.GetuiService.io.dcloud.HBuilder.Hello
ADDED from src\main\AndroidManifest.xml:173:5-175:44
	android:protectionLevel
		ADDED from src\main\AndroidManifest.xml:175:9-41
	android:name
		ADDED from src\main\AndroidManifest.xml:174:9-78
uses-permission#android.permission.ACCESS_MOCK_LOCATION
ADDED from src\main\AndroidManifest.xml:190:5-79
	android:name
		ADDED from src\main\AndroidManifest.xml:190:22-76
uses-permission#android.permission.CHANGE_NETWORK_STATE
ADDED from src\main\AndroidManifest.xml:203:5-79
	android:name
		ADDED from src\main\AndroidManifest.xml:203:22-76
uses-permission#android.permission.RECEIVE_USER_PRESENT
ADDED from src\main\AndroidManifest.xml:212:5-79
	android:name
		ADDED from src\main\AndroidManifest.xml:212:22-76
uses-permission#com.xiaomi.permission.AUTH_SERVICE
ADDED from src\main\AndroidManifest.xml:221:5-73
	android:name
		ADDED from src\main\AndroidManifest.xml:221:22-71
application
ADDED from src\main\AndroidManifest.xml:225:5-583:19
	android:label
		ADDED from src\main\AndroidManifest.xml:228:9-41
	android:allowClearUserData
		ADDED from src\main\AndroidManifest.xml:226:9-42
	android:icon
		ADDED from src\main\AndroidManifest.xml:227:9-38
	android:largeHeap
		ADDED from src\main\AndroidManifest.xml:229:9-33
	android:name
		ADDED from src\main\AndroidManifest.xml:230:9-63
activity#io.dcloud.PandoraEntry
ADDED from src\main\AndroidManifest.xml:231:9-245:20
	android:screenOrientation
		ADDED from src\main\AndroidManifest.xml:238:13-45
	android:label
		ADDED from src\main\AndroidManifest.xml:234:13-45
	android:hardwareAccelerated
		ADDED from src\main\AndroidManifest.xml:236:13-47
	android:launchMode
		ADDED from src\main\AndroidManifest.xml:235:13-44
	android:windowSoftInputMode
		ADDED from src\main\AndroidManifest.xml:239:13-55
	android:configChanges
		ADDED from src\main\AndroidManifest.xml:233:13-83
	android:theme
		ADDED from src\main\AndroidManifest.xml:237:13-52
	android:name
		ADDED from src\main\AndroidManifest.xml:232:13-50
intent-filter#android.intent.action.MAIN+android.intent.category.LAUNCHER
ADDED from src\main\AndroidManifest.xml:240:13-244:29
action#android.intent.action.MAIN
ADDED from src\main\AndroidManifest.xml:241:17-69
	android:name
		ADDED from src\main\AndroidManifest.xml:241:25-66
category#android.intent.category.LAUNCHER
ADDED from src\main\AndroidManifest.xml:243:17-77
	android:name
		ADDED from src\main\AndroidManifest.xml:243:27-74
activity#io.dcloud.PandoraEntryActivity
ADDED from src\main\AndroidManifest.xml:246:9-255:20
	android:screenOrientation
		ADDED from src\main\AndroidManifest.xml:252:13-45
	android:label
		ADDED from src\main\AndroidManifest.xml:250:13-36
	android:hardwareAccelerated
		ADDED from src\main\AndroidManifest.xml:249:13-47
	android:launchMode
		ADDED from src\main\AndroidManifest.xml:251:13-44
	android:windowSoftInputMode
		ADDED from src\main\AndroidManifest.xml:254:13-55
	android:configChanges
		ADDED from src\main\AndroidManifest.xml:248:13-112
	android:theme
		ADDED from src\main\AndroidManifest.xml:253:13-47
	android:name
		ADDED from src\main\AndroidManifest.xml:247:13-58
service#io.dcloud.common.adapter.io.MiniServerService
ADDED from src\main\AndroidManifest.xml:257:9-259:39
	android:exported
		ADDED from src\main\AndroidManifest.xml:259:13-36
	android:name
		ADDED from src\main\AndroidManifest.xml:258:13-73
activity#io.dcloud.imagepick.CustomGalleryActivity
ADDED from src\main\AndroidManifest.xml:261:9-268:20
	android:name
		ADDED from src\main\AndroidManifest.xml:261:19-75
intent-filter#android.intent.category.DEFAULT+io.dcloud.ACTION_MULTIPLE_PICK+io.dcloud.ACTION_PICK
ADDED from src\main\AndroidManifest.xml:262:13-267:29
action#io.dcloud.ACTION_PICK
ADDED from src\main\AndroidManifest.xml:263:17-64
	android:name
		ADDED from src\main\AndroidManifest.xml:263:25-61
action#io.dcloud.ACTION_MULTIPLE_PICK
ADDED from src\main\AndroidManifest.xml:264:17-73
	android:name
		ADDED from src\main\AndroidManifest.xml:264:25-70
category#android.intent.category.DEFAULT
ADDED from src\main\AndroidManifest.xml:266:17-76
	android:name
		ADDED from src\main\AndroidManifest.xml:266:27-73
meta-data#UMENG_APPKEY
ADDED from src\main\AndroidManifest.xml:274:9-276:46
	android:value
		ADDED from src\main\AndroidManifest.xml:276:13-43
	android:name
		ADDED from src\main\AndroidManifest.xml:275:13-40
meta-data#UMENG_CHANNEL
ADDED from src\main\AndroidManifest.xml:277:9-279:42
	android:value
		ADDED from src\main\AndroidManifest.xml:279:13-39
	android:name
		ADDED from src\main\AndroidManifest.xml:278:13-41
meta-data#com.baidu.lbsapi.API_KEY
ADDED from src\main\AndroidManifest.xml:285:9-288:21
	android:value
		ADDED from src\main\AndroidManifest.xml:287:13-53
	android:name
		ADDED from src\main\AndroidManifest.xml:286:13-52
service#com.baidu.location.f
ADDED from src\main\AndroidManifest.xml:290:9-294:19
	android:enabled
		ADDED from src\main\AndroidManifest.xml:292:13-35
	android:process
		ADDED from src\main\AndroidManifest.xml:293:13-38
	android:name
		ADDED from src\main\AndroidManifest.xml:291:13-48
meta-data#com.amap.api.v2.apikey
ADDED from src\main\AndroidManifest.xml:299:9-301:48
	android:value
		ADDED from src\main\AndroidManifest.xml:301:13-45
	android:name
		ADDED from src\main\AndroidManifest.xml:300:13-50
meta-data#QQ_APPID
ADDED from src\main\AndroidManifest.xml:306:9-308:39
	android:value
		ADDED from src\main\AndroidManifest.xml:308:13-36
	android:name
		ADDED from src\main\AndroidManifest.xml:307:13-36
activity#com.tencent.tauth.AuthActivity
ADDED from src\main\AndroidManifest.xml:310:9-322:20
	android:launchMode
		ADDED from src\main\AndroidManifest.xml:312:13-44
	android:noHistory
		ADDED from src\main\AndroidManifest.xml:313:13-37
	android:name
		ADDED from src\main\AndroidManifest.xml:311:13-58
intent-filter#android.intent.action.VIEW+android.intent.category.BROWSABLE+android.intent.category.DEFAULT
ADDED from src\main\AndroidManifest.xml:314:13-321:29
action#android.intent.action.VIEW
ADDED from src\main\AndroidManifest.xml:315:17-69
	android:name
		ADDED from src\main\AndroidManifest.xml:315:25-66
category#android.intent.category.BROWSABLE
ADDED from src\main\AndroidManifest.xml:318:17-78
	android:name
		ADDED from src\main\AndroidManifest.xml:318:27-75
data
ADDED from src\main\AndroidManifest.xml:320:17-50
	android:scheme
		ADDED from src\main\AndroidManifest.xml:320:23-47
activity#com.tencent.connect.common.AssistActivity
ADDED from src\main\AndroidManifest.xml:323:9-326:75
	android:screenOrientation
		ADDED from src\main\AndroidManifest.xml:325:13-49
	android:theme
		ADDED from src\main\AndroidManifest.xml:326:13-72
	android:name
		ADDED from src\main\AndroidManifest.xml:324:13-69
meta-data#IFLY_APPKEY
ADDED from src\main\AndroidManifest.xml:357:9-359:40
	android:value
		ADDED from src\main\AndroidManifest.xml:359:13-37
	android:name
		ADDED from src\main\AndroidManifest.xml:358:13-39
meta-data#SINA_REDIRECT_URI
ADDED from src\main\AndroidManifest.xml:438:9-440:53
	android:value
		ADDED from src\main\AndroidManifest.xml:440:13-50
	android:name
		ADDED from src\main\AndroidManifest.xml:439:13-45
meta-data#SINA_SECRET
ADDED from src\main\AndroidManifest.xml:441:9-443:53
	android:value
		ADDED from src\main\AndroidManifest.xml:443:13-50
	android:name
		ADDED from src\main\AndroidManifest.xml:442:13-39
meta-data#SINA_APPKEY
ADDED from src\main\AndroidManifest.xml:444:9-446:65
	android:value
		ADDED from src\main\AndroidManifest.xml:446:13-62
	android:name
		ADDED from src\main\AndroidManifest.xml:445:13-39
activity#com.sina.weibo.sdk.component.WeiboSdkBrowser
ADDED from src\main\AndroidManifest.xml:448:9-453:20
	android:exported
		ADDED from src\main\AndroidManifest.xml:451:13-37
	android:windowSoftInputMode
		ADDED from src\main\AndroidManifest.xml:452:13-55
	android:configChanges
		ADDED from src\main\AndroidManifest.xml:450:13-63
	android:name
		ADDED from src\main\AndroidManifest.xml:449:13-72
activity#io.dcloud.HBuilder.Hello.SinaCallbackActivity
ADDED from src\main\AndroidManifest.xml:455:9-465:20
	android:screenOrientation
		ADDED from src\main\AndroidManifest.xml:459:13-49
	android:launchMode
		ADDED from src\main\AndroidManifest.xml:458:13-44
	android:configChanges
		ADDED from src\main\AndroidManifest.xml:457:13-63
	android:theme
		ADDED from src\main\AndroidManifest.xml:460:13-83
	android:name
		ADDED from src\main\AndroidManifest.xml:456:13-73
intent-filter#android.intent.category.DEFAULT+com.sina.weibo.sdk.action.ACTION_SDK_REQ_ACTIVITY
ADDED from src\main\AndroidManifest.xml:461:13-464:29
action#com.sina.weibo.sdk.action.ACTION_SDK_REQ_ACTIVITY
ADDED from src\main\AndroidManifest.xml:462:17-91
	android:name
		ADDED from src\main\AndroidManifest.xml:462:25-89
meta-data#TENCENT_REDIRECT_URI
ADDED from src\main\AndroidManifest.xml:468:9-470:53
	android:value
		ADDED from src\main\AndroidManifest.xml:470:13-50
	android:name
		ADDED from src\main\AndroidManifest.xml:469:13-48
meta-data#TENCENT_SECRET
ADDED from src\main\AndroidManifest.xml:471:9-473:53
	android:value
		ADDED from src\main\AndroidManifest.xml:473:13-50
	android:name
		ADDED from src\main\AndroidManifest.xml:472:13-42
meta-data#TENCENT_APPKEY
ADDED from src\main\AndroidManifest.xml:474:9-476:65
	android:value
		ADDED from src\main\AndroidManifest.xml:476:13-62
	android:name
		ADDED from src\main\AndroidManifest.xml:475:13-42
activity#io.dcloud.share.tencent.WebAuthorize
ADDED from src\main\AndroidManifest.xml:478:9-481:20
	android:theme
		ADDED from src\main\AndroidManifest.xml:480:13-60
	android:name
		ADDED from src\main\AndroidManifest.xml:479:13-64
meta-data#WX_SECRET
ADDED from src\main\AndroidManifest.xml:483:9-485:64
	android:value
		ADDED from src\main\AndroidManifest.xml:485:13-61
	android:name
		ADDED from src\main\AndroidManifest.xml:484:13-37
meta-data#WX_APPID
ADDED from src\main\AndroidManifest.xml:486:9-488:50
	android:value
		ADDED from src\main\AndroidManifest.xml:488:13-47
	android:name
		ADDED from src\main\AndroidManifest.xml:487:13-36
activity#io.dcloud.HBuilder.Hello.wxapi.WXEntryActivity
ADDED from src\main\AndroidManifest.xml:490:9-503:20
	android:label
		ADDED from src\main\AndroidManifest.xml:493:13-45
	android:launchMode
		ADDED from src\main\AndroidManifest.xml:494:13-43
	android:exported
		ADDED from src\main\AndroidManifest.xml:492:13-36
	android:theme
		ADDED from src\main\AndroidManifest.xml:495:13-72
	android:name
		ADDED from src\main\AndroidManifest.xml:491:13-74
intent-filter#android.intent.action.VIEW+android.intent.category.DEFAULT
ADDED from src\main\AndroidManifest.xml:496:13-502:29
activity#com.alipay.sdk.app.H5PayActivity
ADDED from src\main\AndroidManifest.xml:506:9-512:20
	android:screenOrientation
		ADDED from src\main\AndroidManifest.xml:510:13-47
	android:exported
		ADDED from src\main\AndroidManifest.xml:509:13-37
	android:windowSoftInputMode
		ADDED from src\main\AndroidManifest.xml:511:13-67
	android:configChanges
		ADDED from src\main\AndroidManifest.xml:508:13-74
	android:name
		ADDED from src\main\AndroidManifest.xml:507:13-60
activity#com.alipay.sdk.auth.AuthActivity
ADDED from src\main\AndroidManifest.xml:513:9-518:20
	android:screenOrientation
		ADDED from src\main\AndroidManifest.xml:517:13-47
	android:exported
		ADDED from src\main\AndroidManifest.xml:516:13-37
	android:configChanges
		ADDED from src\main\AndroidManifest.xml:515:13-74
	android:name
		ADDED from src\main\AndroidManifest.xml:514:13-60
activity#io.dcloud.HBuilder.Hello.wxapi.WXPayEntryActivity
ADDED from src\main\AndroidManifest.xml:523:9-527:75
	android:launchMode
		ADDED from src\main\AndroidManifest.xml:526:13-43
	android:exported
		ADDED from src\main\AndroidManifest.xml:525:13-36
	android:theme
		ADDED from src\main\AndroidManifest.xml:527:13-72
	android:name
		ADDED from src\main\AndroidManifest.xml:524:13-77
meta-data#MIUI_APPID
ADDED from src\main\AndroidManifest.xml:535:9-77
	android:value
		ADDED from src\main\AndroidManifest.xml:535:20-49
	android:name
		ADDED from src\main\AndroidManifest.xml:535:50-75
meta-data#MIUI_APPSECRET
ADDED from src\main\AndroidManifest.xml:536:9-84
	android:value
		ADDED from src\main\AndroidManifest.xml:536:20-52
	android:name
		ADDED from src\main\AndroidManifest.xml:536:53-82
meta-data#MIUI_REDIRECT_URI
ADDED from src\main\AndroidManifest.xml:537:9-82
	android:value
		ADDED from src\main\AndroidManifest.xml:537:20-47
	android:name
		ADDED from src\main\AndroidManifest.xml:537:48-80
activity#com.xiaomi.account.openauth.AuthorizeActivity
ADDED from src\main\AndroidManifest.xml:538:9-81
	android:name
		ADDED from src\main\AndroidManifest.xml:538:19-79
meta-data#PUSH_APPID
ADDED from src\main\AndroidManifest.xml:543:9-77
	android:value
		ADDED from src\main\AndroidManifest.xml:543:46-75
	android:name
		ADDED from src\main\AndroidManifest.xml:543:20-45
meta-data#PUSH_APPKEY
ADDED from src\main\AndroidManifest.xml:544:9-80
	android:value
		ADDED from src\main\AndroidManifest.xml:544:47-78
	android:name
		ADDED from src\main\AndroidManifest.xml:544:20-46
service#com.xiaomi.push.service.XMPushService
ADDED from src\main\AndroidManifest.xml:545:9-126
	android:enabled
		ADDED from src\main\AndroidManifest.xml:545:18-40
	android:process
		ADDED from src\main\AndroidManifest.xml:545:41-71
	android:name
		ADDED from src\main\AndroidManifest.xml:545:72-124
service#com.xiaomi.push.service.XMJobService
ADDED from src\main\AndroidManifest.xml:546:9-207
	android:enabled
		ADDED from src\main\AndroidManifest.xml:546:70-92
	android:process
		ADDED from src\main\AndroidManifest.xml:546:175-205
	android:exported
		ADDED from src\main\AndroidManifest.xml:546:93-117
	android:permission
		ADDED from src\main\AndroidManifest.xml:546:118-174
	android:name
		ADDED from src\main\AndroidManifest.xml:546:18-69
service#com.xiaomi.mipush.sdk.PushMessageHandler
ADDED from src\main\AndroidManifest.xml:547:9-122
	android:enabled
		ADDED from src\main\AndroidManifest.xml:547:18-40
	android:exported
		ADDED from src\main\AndroidManifest.xml:547:41-64
	android:name
		ADDED from src\main\AndroidManifest.xml:547:65-120
service#com.xiaomi.mipush.sdk.MessageHandleService
ADDED from src\main\AndroidManifest.xml:548:9-100
	android:enabled
		ADDED from src\main\AndroidManifest.xml:548:18-40
	android:name
		ADDED from src\main\AndroidManifest.xml:548:41-98
receiver#com.xiaomi.push.service.receivers.NetworkStatusReceiver
ADDED from src\main\AndroidManifest.xml:549:9-554:20
	android:exported
		ADDED from src\main\AndroidManifest.xml:549:19-42
	android:name
		ADDED from src\main\AndroidManifest.xml:549:43-113
intent-filter#android.intent.category.DEFAULT+android.net.conn.CONNECTIVITY_CHANGE
ADDED from src\main\AndroidManifest.xml:550:9-553:25
action#android.net.conn.CONNECTIVITY_CHANGE
ADDED from src\main\AndroidManifest.xml:551:9-70
	android:name
		ADDED from src\main\AndroidManifest.xml:551:17-68
receiver#com.xiaomi.push.service.receivers.PingReceiver
ADDED from src\main\AndroidManifest.xml:555:9-559:20
	android:process
		ADDED from src\main\AndroidManifest.xml:555:44-74
	android:exported
		ADDED from src\main\AndroidManifest.xml:555:19-43
	android:name
		ADDED from src\main\AndroidManifest.xml:555:75-136
intent-filter#com.xiaomi.push.PING_TIMER
ADDED from src\main\AndroidManifest.xml:556:9-558:25
action#com.xiaomi.push.PING_TIMER
ADDED from src\main\AndroidManifest.xml:557:9-60
	android:name
		ADDED from src\main\AndroidManifest.xml:557:17-58
receiver#io.dcloud.feature.apsXm.XMMessageReceiver
ADDED from src\main\AndroidManifest.xml:560:9-570:20
	android:exported
		ADDED from src\main\AndroidManifest.xml:560:19-42
	android:name
		ADDED from src\main\AndroidManifest.xml:560:43-99
intent-filter#com.xiaomi.mipush.RECEIVE_MESSAGE
ADDED from src\main\AndroidManifest.xml:561:9-563:25
action#com.xiaomi.mipush.RECEIVE_MESSAGE
ADDED from src\main\AndroidManifest.xml:562:9-67
	android:name
		ADDED from src\main\AndroidManifest.xml:562:17-65
intent-filter#com.xiaomi.mipush.MESSAGE_ARRIVED
ADDED from src\main\AndroidManifest.xml:564:9-566:25
action#com.xiaomi.mipush.MESSAGE_ARRIVED
ADDED from src\main\AndroidManifest.xml:565:9-67
	android:name
		ADDED from src\main\AndroidManifest.xml:565:17-65
intent-filter#com.xiaomi.mipush.ERROR
ADDED from src\main\AndroidManifest.xml:567:9-569:25
action#com.xiaomi.mipush.ERROR
ADDED from src\main\AndroidManifest.xml:568:9-57
	android:name
		ADDED from src\main\AndroidManifest.xml:568:17-55
receiver#io.dcloud.feature.apsXm.XMNotificationReceiver
ADDED from src\main\AndroidManifest.xml:571:9-579:20
	android:exported
		ADDED from src\main\AndroidManifest.xml:571:19-42
	android:name
		ADDED from src\main\AndroidManifest.xml:571:43-104
intent-filter#android.intent.action.BOOT_COMPLETED+io.dcloud.HBuilder.Hello.__CLEAR_NOTIFICATION+io.dcloud.HBuilder.Hello.__CLILK_NOTIFICATION+io.dcloud.HBuilder.Hello.__CREATE_NOTIFICATION+io.dcloud.HBuilder.Hello.__REMOVE_NOTIFICATION
ADDED from src\main\AndroidManifest.xml:572:9-578:25
action#android.intent.action.BOOT_COMPLETED
ADDED from src\main\AndroidManifest.xml:573:9-70
	android:name
		ADDED from src\main\AndroidManifest.xml:573:17-68
action#io.dcloud.HBuilder.Hello.__CREATE_NOTIFICATION
ADDED from src\main\AndroidManifest.xml:574:9-80
	android:name
		ADDED from src\main\AndroidManifest.xml:574:17-78
action#io.dcloud.HBuilder.Hello.__REMOVE_NOTIFICATION
ADDED from src\main\AndroidManifest.xml:575:9-80
	android:name
		ADDED from src\main\AndroidManifest.xml:575:17-78
action#io.dcloud.HBuilder.Hello.__CLEAR_NOTIFICATION
ADDED from src\main\AndroidManifest.xml:576:9-79
	android:name
		ADDED from src\main\AndroidManifest.xml:576:17-77
action#io.dcloud.HBuilder.Hello.__CLILK_NOTIFICATION
ADDED from src\main\AndroidManifest.xml:577:9-79
	android:name
		ADDED from src\main\AndroidManifest.xml:577:17-77